ba_n_10_k_4_2.eff's time to determine the efficiency is:
4.308e-06
10 elements read.
Files match!
ba_n_5000_k_20_1.eff's time to determine the efficiency is:
1.26963
5000 elements read.
Files match!
er_n_1000_k_20_0.eff's time to determine the efficiency is:
0.0515141
1000 elements read.
Files match!
ba_n_5000_k_10_2.eff's time to determine the efficiency is:
0.865043
5000 elements read.
Files match!
ba_n_5000_k_10_0.eff's time to determine the efficiency is:
0.870694
5000 elements read.
Files match!
ws_n_10_k_2_2.eff's time to determine the efficiency is:
5.901e-06
10 elements read.
Files match!
er_n_10_k_2_2.eff's time to determine the efficiency is:
8.866e-06
10 elements read.
Files match!
ws_n_2000_k_40_0.eff's time to determine the efficiency is:
0.262716
2000 elements read.
Files match!
ws_n_5000_k_10_2.eff's time to determine the efficiency is:
0.858635
5000 elements read.
Files match!
ba_n_10_k_4_1.eff's time to determine the efficiency is:
6.838e-06
10 elements read.
Files match!
ws_n_1000_k_40_2.eff's time to determine the efficiency is:
0.0773922
1000 elements read.
Files match!
er_n_5000_k_20_1.eff's time to determine the efficiency is:
1.32086
5000 elements read.
Files match!
ba_n_2000_k_40_1.eff's time to determine the efficiency is:
0.268502
2000 elements read.
Files match!
er_n_5000_k_40_0.eff's time to determine the efficiency is:
1.84264
5000 elements read.
Files match!
ws_n_1000_k_20_1.eff's time to determine the efficiency is:
0.0408958
1000 elements read.
Files match!
er_n_1000_k_40_0.eff's time to determine the efficiency is:
0.0806714
1000 elements read.
Files match!
ws_n_2000_k_40_1.eff's time to determine the efficiency is:
0.262641
2000 elements read.
Files match!
ws_n_10_k_4_2.eff's time to determine the efficiency is:
9.3e-06
10 elements read.
Files match!
er_n_2000_k_20_2.eff's time to determine the efficiency is:
0.187787
2000 elements read.
Files match!
ba_n_10_k_2_0.eff's time to determine the efficiency is:
8.249e-06
10 elements read.
Files match!
ba_n_2000_k_40_2.eff's time to determine the efficiency is:
0.271956
2000 elements read.
Files match!
er_n_5000_k_40_1.eff's time to determine the efficiency is:
1.85319
5000 elements read.
Files match!
ba_n_2000_k_20_0.eff's time to determine the efficiency is:
0.177819
2000 elements read.
Files match!
er_n_2000_k_40_1.eff's time to determine the efficiency is:
0.276807
2000 elements read.
Files match!
er_n_1000_k_40_2.eff's time to determine the efficiency is:
0.0739625
1000 elements read.
Files match!
ba_n_1000_k_10_2.eff's time to determine the efficiency is:
0.0310481
1000 elements read.
Files match!
ws_n_2000_k_20_0.eff's time to determine the efficiency is:
0.182015
2000 elements read.
Files match!
ws_n_1000_k_20_0.eff's time to determine the efficiency is:
0.0402011
1000 elements read.
Files match!
ws_n_1000_k_40_1.eff's time to determine the efficiency is:
0.062767
1000 elements read.
Files match!
ws_n_5000_k_10_1.eff's time to determine the efficiency is:
0.863781
5000 elements read.
Files match!
er_n_5000_k_20_2.eff's time to determine the efficiency is:
1.31707
5000 elements read.
Files match!
ws_n_2000_k_10_2.eff's time to determine the efficiency is:
0.123996
2000 elements read.
Files match!
ws_n_5000_k_40_1.eff's time to determine the efficiency is:
1.6598
5000 elements read.
Files match!
er_n_10_k_2_0.eff's time to determine the efficiency is:
5.33e-06
10 elements read.
Files match!
er_n_1000_k_10_0.eff's time to determine the efficiency is:
0.0332967
1000 elements read.
Files match!
er_n_2000_k_40_0.eff's time to determine the efficiency is:
0.285304
2000 elements read.
Files match!
ba_n_2000_k_10_1.eff's time to determine the efficiency is:
0.123717
2000 elements read.
Files match!
ws_n_2000_k_40_2.eff's time to determine the efficiency is:
0.265512
2000 elements read.
Files match!
ws_n_10_k_4_0.eff's time to determine the efficiency is:
5.405e-06
10 elements read.
Files match!
ws_n_2000_k_20_2.eff's time to determine the efficiency is:
0.179576
2000 elements read.
Files match!
ba_n_2000_k_10_2.eff's time to determine the efficiency is:
0.122842
2000 elements read.
Files match!
er_n_1000_k_20_2.eff's time to determine the efficiency is:
0.0618391
1000 elements read.
Files match!
er_n_2000_k_20_1.eff's time to determine the efficiency is:
0.192765
2000 elements read.
Files match!
ba_n_1000_k_10_0.eff's time to determine the efficiency is:
0.0310729
1000 elements read.
Files match!
er_n_5000_k_20_0.eff's time to determine the efficiency is:
1.30781
5000 elements read.
Files match!
er_n_5000_k_10_2.eff's time to determine the efficiency is:
0.973855
5000 elements read.
Files match!
ba_n_5000_k_20_0.eff's time to determine the efficiency is:
1.26065
5000 elements read.
Files match!
er_n_1000_k_40_1.eff's time to determine the efficiency is:
0.0654961
1000 elements read.
Files match!
er_n_2000_k_10_2.eff's time to determine the efficiency is:
0.144965
2000 elements read.
Files match!
er_n_2000_k_20_0.eff's time to determine the efficiency is:
0.194148
2000 elements read.
Files match!
ba_n_5000_k_40_1.eff's time to determine the efficiency is:
1.80223
5000 elements read.
Files match!
ws_n_1000_k_40_0.eff's time to determine the efficiency is:
0.0709354
1000 elements read.
Files match!
ws_n_1000_k_10_1.eff's time to determine the efficiency is:
0.0306112
1000 elements read.
Files match!
ba_n_10_k_4_0.eff's time to determine the efficiency is:
7.68e-06
10 elements read.
Files match!
ws_n_10_k_2_0.eff's time to determine the efficiency is:
8.125e-06
10 elements read.
Files match!
er_n_1000_k_10_1.eff's time to determine the efficiency is:
0.0519973
1000 elements read.
Files match!
er_n_2000_k_10_1.eff's time to determine the efficiency is:
0.157731
2000 elements read.
Files match!
ws_n_5000_k_20_1.eff's time to determine the efficiency is:
1.12188
5000 elements read.
Files match!
ba_n_1000_k_20_1.eff's time to determine the efficiency is:
0.0412719
1000 elements read.
Files match!
ws_n_1000_k_10_0.eff's time to determine the efficiency is:
0.0384535
1000 elements read.
Files match!
ba_n_5000_k_10_1.eff's time to determine the efficiency is:
0.872562
5000 elements read.
Files match!
ws_n_10_k_4_1.eff's time to determine the efficiency is:
8.703e-06
10 elements read.
Files match!
ba_n_1000_k_20_2.eff's time to determine the efficiency is:
0.041892
1000 elements read.
Files match!
er_n_10_k_4_0.eff's time to determine the efficiency is:
5.827e-06
10 elements read.
Files match!
ba_n_1000_k_40_1.eff's time to determine the efficiency is:
0.0623986
1000 elements read.
Files match!
ws_n_1000_k_20_2.eff's time to determine the efficiency is:
0.0551624
1000 elements read.
Files match!
ba_n_2000_k_20_2.eff's time to determine the efficiency is:
0.184262
2000 elements read.
Files match!
ws_n_5000_k_20_0.eff's time to determine the efficiency is:
1.13074
5000 elements read.
Files match!
ba_n_2000_k_10_0.eff's time to determine the efficiency is:
0.124763
2000 elements read.
Files match!
ws_n_5000_k_40_2.eff's time to determine the efficiency is:
1.66616
5000 elements read.
Files match!
ws_n_5000_k_20_2.eff's time to determine the efficiency is:
1.13098
5000 elements read.
Files match!
er_n_10_k_4_2.eff's time to determine the efficiency is:
9.515e-06
10 elements read.
Files match!
er_n_1000_k_20_1.eff's time to determine the efficiency is:
0.0421634
1000 elements read.
Files match!
ba_n_5000_k_20_2.eff's time to determine the efficiency is:
1.26473
5000 elements read.
Files match!
ba_n_10_k_2_2.eff's time to determine the efficiency is:
5.63e-06
10 elements read.
Files match!
ba_n_5000_k_40_2.eff's time to determine the efficiency is:
1.80714
5000 elements read.
Files match!
ws_n_2000_k_10_0.eff's time to determine the efficiency is:
0.124824
2000 elements read.
Files match!
ba_n_2000_k_20_1.eff's time to determine the efficiency is:
0.179747
2000 elements read.
Files match!
ws_n_2000_k_10_1.eff's time to determine the efficiency is:
0.128111
2000 elements read.
Files match!
ba_n_2000_k_40_0.eff's time to determine the efficiency is:
0.273963
2000 elements read.
Files match!
ba_n_1000_k_40_0.eff's time to determine the efficiency is:
0.0666376
1000 elements read.
Files match!
ba_n_1000_k_10_1.eff's time to determine the efficiency is:
0.0307246
1000 elements read.
Files match!
ws_n_5000_k_10_0.eff's time to determine the efficiency is:
0.861856
5000 elements read.
Files match!
er_n_10_k_2_1.eff's time to determine the efficiency is:
5.399e-06
10 elements read.
Files match!
er_n_10_k_4_1.eff's time to determine the efficiency is:
9.829e-06
10 elements read.
Files match!
ba_n_1000_k_40_2.eff's time to determine the efficiency is:
0.0627178
1000 elements read.
Files match!
ba_n_5000_k_40_0.eff's time to determine the efficiency is:
1.80265
5000 elements read.
Files match!
er_n_5000_k_10_0.eff's time to determine the efficiency is:
0.979445
5000 elements read.
Files match!
er_n_2000_k_10_0.eff's time to determine the efficiency is:
0.132173
2000 elements read.
Files match!
ws_n_10_k_2_1.eff's time to determine the efficiency is:
5.755e-06
10 elements read.
Files match!
ba_n_10_k_2_1.eff's time to determine the efficiency is:
8.398e-06
10 elements read.
Files match!
er_n_1000_k_10_2.eff's time to determine the efficiency is:
0.0530352
1000 elements read.
Files match!
ba_n_1000_k_20_0.eff's time to determine the efficiency is:
0.0578352
1000 elements read.
Files match!
er_n_5000_k_40_2.eff's time to determine the efficiency is:
1.84218
5000 elements read.
Files match!
ws_n_1000_k_10_2.eff's time to determine the efficiency is:
0.0323024
1000 elements read.
Files match!
ws_n_5000_k_40_0.eff's time to determine the efficiency is:
1.66346
5000 elements read.
Files match!
er_n_5000_k_10_1.eff's time to determine the efficiency is:
0.969344
5000 elements read.
Files match!
ws_n_2000_k_20_1.eff's time to determine the efficiency is:
0.170938
2000 elements read.
Files match!
er_n_2000_k_40_2.eff's time to determine the efficiency is:
0.278475
2000 elements read.
Files match!